d:\kingbook\develop\projects_cocos\sunpop\proj.win32\debug.win32\appdelegate.obj
d:\kingbook\develop\projects_cocos\sunpop\proj.win32\debug.win32\failureui.obj
d:\kingbook\develop\projects_cocos\sunpop\proj.win32\debug.win32\gameendmessageui.obj
d:\kingbook\develop\projects_cocos\sunpop\proj.win32\debug.win32\gamemessageui.obj
d:\kingbook\develop\projects_cocos\sunpop\proj.win32\debug.win32\helloworldscene.obj
d:\kingbook\develop\projects_cocos\sunpop\proj.win32\debug.win32\mygame.obj
d:\kingbook\develop\projects_cocos\sunpop\proj.win32\debug.win32\novicebag.obj
d:\kingbook\develop\projects_cocos\sunpop\proj.win32\debug.win32\propui.obj
d:\kingbook\develop\projects_cocos\sunpop\proj.win32\debug.win32\receivebag.obj
d:\kingbook\develop\projects_cocos\sunpop\proj.win32\debug.win32\screentext.obj
d:\kingbook\develop\projects_cocos\sunpop\proj.win32\debug.win32\star.obj
d:\kingbook\develop\projects_cocos\sunpop\proj.win32\debug.win32\starsboard.obj
d:\kingbook\develop\projects_cocos\sunpop\proj.win32\debug.win32\title.obj
d:\kingbook\develop\projects_cocos\sunpop\proj.win32\debug.win32\wantcontinueui.obj
d:\kingbook\develop\projects_cocos\sunpop\proj.win32\debug.win32\activitybag.obj
d:\kingbook\develop\projects_cocos\sunpop\proj.win32\debug.win32\changecolorbar.obj
d:\kingbook\develop\projects_cocos\sunpop\proj.win32\debug.win32\gamedata.obj
d:\kingbook\develop\projects_cocos\sunpop\proj.win32\debug.win32\gameendanim.obj
d:\kingbook\develop\projects_cocos\sunpop\proj.win32\debug.win32\gamelevel.obj
d:\kingbook\develop\projects_cocos\sunpop\proj.win32\debug.win32\goodeffect.obj
d:\kingbook\develop\projects_cocos\sunpop\proj.win32\debug.win32\helpui.obj
d:\kingbook\develop\projects_cocos\sunpop\proj.win32\debug.win32\localutil.obj
d:\kingbook\develop\projects_cocos\sunpop\proj.win32\debug.win32\mysteryprizebag.obj
d:\kingbook\develop\projects_cocos\sunpop\proj.win32\debug.win32\pauseui.obj
d:\kingbook\develop\projects_cocos\sunpop\proj.win32\debug.win32\randomarr.obj
d:\kingbook\develop\projects_cocos\sunpop\proj.win32\debug.win32\scoreanim.obj
d:\kingbook\develop\projects_cocos\sunpop\proj.win32\debug.win32\shop.obj
d:\kingbook\develop\projects_cocos\sunpop\proj.win32\debug.win32\starmanager.obj
d:\kingbook\develop\projects_cocos\sunpop\proj.win32\debug.win32\starsposition.obj
d:\kingbook\develop\projects_cocos\sunpop\proj.win32\debug.win32\startanim.obj
d:\kingbook\develop\projects_cocos\sunpop\proj.win32\debug.win32\trademarkanimation.obj
d:\kingbook\develop\projects_cocos\sunpop\proj.win32\debug.win32\main.obj
d:\kingbook\develop\projects_cocos\sunpop\proj.win32\debug.win32\vc120.pdb
d:\kingbook\develop\projects_cocos\sunpop\proj.win32\debug.win32\vc120.idb
d:\kingbook\develop\projects_cocos\sunpop\proj.win32\debug.win32\sunpop.ilk
d:\kingbook\develop\projects_cocos\sunpop\proj.win32\debug.win32\sunpop.exe
d:\kingbook\develop\projects_cocos\sunpop\proj.win32\debug.win32\sunpop.pdb
d:\kingbook\develop\projects_cocos\sunpop\proj.win32\debug.win32\game.res
d:\kingbook\develop\projects_cocos\sunpop\proj.win32\debug.win32\sunpop.lib
d:\kingbook\develop\projects_cocos\sunpop\proj.win32\debug.win32\sunpop.exp
d:\kingbook\develop\projects_cocos\sunpop\proj.win32\sunpop.cab
d:\kingbook\develop\projects_cocos\sunpop\proj.win32\debug.win32\string.xml
d:\kingbook\develop\projects_cocos\sunpop\proj.win32\debug.win32\sunpop.tlog\cl.command.1.tlog
d:\kingbook\develop\projects_cocos\sunpop\proj.win32\debug.win32\sunpop.tlog\cl.read.1.tlog
d:\kingbook\develop\projects_cocos\sunpop\proj.win32\debug.win32\sunpop.tlog\cl.write.1.tlog
d:\kingbook\develop\projects_cocos\sunpop\proj.win32\debug.win32\sunpop.tlog\link.command.1.tlog
d:\kingbook\develop\projects_cocos\sunpop\proj.win32\debug.win32\sunpop.tlog\link.read.1.tlog
d:\kingbook\develop\projects_cocos\sunpop\proj.win32\debug.win32\sunpop.tlog\link.write.1.tlog
d:\kingbook\develop\projects_cocos\sunpop\proj.win32\debug.win32\sunpop.tlog\rc.command.1.tlog
d:\kingbook\develop\projects_cocos\sunpop\proj.win32\debug.win32\sunpop.tlog\rc.read.1.tlog
d:\kingbook\develop\projects_cocos\sunpop\proj.win32\debug.win32\sunpop.tlog\rc.write.1.tlog
d:\kingbook\develop\projects_cocos\sunpop\proj.win32\debug.win32\sunpop.tlog\sunpop.write.1u.tlog
